<?xml version="1.0" encoding="UTF-8" ?>
<testsuite tests="9" failures="0" name="LionTest" time="0.019" errors="0" skipped="0">
  <properties>
[...]
</properties>
  <testcase classname="LionTest" name="LionCheckDoesHaveManeTest1[0]" time="0"/>
  <testcase classname="LionTest" name="LionCheckGetFoodTest[0]" time="0.008"/>
  <testcase classname="LionTest" name="LionCheckGetKittensTest[0]" time="0.003"/>
  <testcase classname="LionTest" name="LionCheckDoesHaveManeTest1[1]" time="0.001"/>
  <testcase classname="LionTest" name="LionCheckGetFoodTest[1]" time="0.002"/>
  <testcase classname="LionTest" name="LionCheckGetKittensTest[1]" time="0.002"/>
  <testcase classname="LionTest" name="LionCheckDoesHaveManeTest1[2]" time="0.001"/>
  <testcase classname="LionTest" name="LionCheckGetFoodTest[2]" time="0.001"/>
  <testcase classname="LionTest" name="LionCheckGetKittensTest[2]" time="0.001"/>
</testsuite>